<?xml version="1.0" encoding="UTF-8"?>
<testng-results skipped="0" failed="0" ignored="0" total="1" passed="1">
  <reporter-output>
  </reporter-output>
  <suite name="Surefire suite" duration-ms="5980" started-at="2021-02-04T15:06:06 IST" finished-at="2021-02-04T15:06:12 IST">
    <groups>
    </groups>
    <test name="Surefire test" duration-ms="5980" started-at="2021-02-04T15:06:06 IST" finished-at="2021-02-04T15:06:12 IST">
      <class name="TestHealenium">
        <test-method status="PASS" signature="setDriver()[pri:0, instance:TestHealenium@1bce4f0a]" name="setDriver" duration-ms="5912" started-at="2021-02-04T15:06:07 IST" finished-at="2021-02-04T15:06:12 IST">
          <reporter-output>
          </reporter-output>
        </test-method> <!-- setDriver -->
      </class> <!-- TestHealenium -->
    </test> <!-- Surefire test -->
  </suite> <!-- Surefire suite -->
</testng-results>
